{
  "RSpec": {
    "coverage": {
      "/Users/chazsimons/turing/mod2/projects/bulk_discounts/little-esty-shop/config/environment.rb": {
        "lines": [
          null,
          1,
          null,
          null,
          1
        ]
      },
      "/Users/chazsimons/turing/mod2/projects/bulk_discounts/little-esty-shop/config/application.rb": {
        "lines": [
          1,
          null,
          1,
          null,
          null,
          null,
          1,
          null,
          1,
          1,
          null,
          1,
          null,
          null,
          null,
          null,
          null,
          null,
          null
        ]
      },
      "/Users/chazsimons/turing/mod2/projects/bulk_discounts/little-esty-shop/config/boot.rb": {
        "lines": [
          1,
          null,
          1,
          1
        ]
      },
      "/Users/chazsimons/turing/mod2/projects/bulk_discounts/little-esty-shop/config/environments/test.rb": {
        "lines": [
          1,
          null,
          null,
          null,
          null,
          null,
          null,
          1,
          null,
          null,
          null,
          null,
          1,
          null,
          null,
          1,
          1,
          null,
          null,
          null,
          null,
          1,
          1,
          null,
          null,
          1,
          null,
          null,
          1,
          null,
          null,
          1,
          null,
          1,
          null,
          null,
          null,
          null,
          1,
          null,
          null,
          1,
          null,
          null,
          null,
          null
        ]
      },
      "/Users/chazsimons/turing/mod2/projects/bulk_discounts/little-esty-shop/config/initializers/application_controller_renderer.rb": {
        "lines": [
          null,
          null,
          null,
          null,
          null,
          null,
          null,
          null
        ]
      },
      "/Users/chazsimons/turing/mod2/projects/bulk_discounts/little-esty-shop/config/initializers/assets.rb": {
        "lines": [
          null,
          null,
          null,
          1,
          null,
          null,
          null,
          null,
          1,
          null,
          null,
          null,
          null,
          null
        ]
      },
      "/Users/chazsimons/turing/mod2/projects/bulk_discounts/little-esty-shop/config/initializers/backtrace_silencers.rb": {
        "lines": [
          null,
          null,
          null,
          null,
          null,
          null,
          null
        ]
      },
      "/Users/chazsimons/turing/mod2/projects/bulk_discounts/little-esty-shop/config/initializers/content_security_policy.rb": {
        "lines": [
          null,
          null,
          null,
          null,
          null,
          null,
          null,
          null,
          null,
          null,
          null,
          null,
          null,
          null,
          null,
          null,
          null,
          null,
          null,
          null,
          null,
          null,
          null,
          null,
          null
        ]
      },
      "/Users/chazsimons/turing/mod2/projects/bulk_discounts/little-esty-shop/config/initializers/cookies_serializer.rb": {
        "lines": [
          null,
          null,
          null,
          null,
          1
        ]
      },
      "/Users/chazsimons/turing/mod2/projects/bulk_discounts/little-esty-shop/config/initializers/filter_parameter_logging.rb": {
        "lines": [
          null,
          null,
          null,
          1
        ]
      },
      "/Users/chazsimons/turing/mod2/projects/bulk_discounts/little-esty-shop/config/initializers/inflections.rb": {
        "lines": [
          null,
          null,
          null,
          null,
          null,
          null,
          null,
          null,
          null,
          null,
          null,
          null,
          null,
          null,
          null,
          null
        ]
      },
      "/Users/chazsimons/turing/mod2/projects/bulk_discounts/little-esty-shop/config/initializers/mime_types.rb": {
        "lines": [
          null,
          null,
          null,
          null
        ]
      },
      "/Users/chazsimons/turing/mod2/projects/bulk_discounts/little-esty-shop/config/initializers/new_framework_defaults_5_2.rb": {
        "lines": [
          null,
          null,
          null,
          null,
          null,
          null,
          null,
          null,
          null,
          null,
          null,
          null,
          null,
          null,
          null,
          null,
          null,
          null,
          null,
          null,
          null,
          null,
          null,
          null,
          null,
          null,
          null,
          null,
          null,
          null,
          null,
          null,
          null,
          null,
          null,
          null,
          null,
          null
        ]
      },
      "/Users/chazsimons/turing/mod2/projects/bulk_discounts/little-esty-shop/config/initializers/wrap_parameters.rb": {
        "lines": [
          null,
          null,
          null,
          null,
          null,
          null,
          1,
          2,
          null,
          null,
          null,
          null,
          null,
          null
        ]
      },
      "/Users/chazsimons/turing/mod2/projects/bulk_discounts/little-esty-shop/config/routes.rb": {
        "lines": [
          1,
          null,
          1,
          null,
          null,
          1,
          null,
          1,
          1,
          1,
          1,
          1,
          1,
          null,
          1,
          1,
          1,
          null,
          1,
          1,
          1,
          1,
          1,
          1,
          1,
          null,
          1,
          1,
          1,
          1,
          1,
          null,
          null
        ]
      },
      "/Users/chazsimons/turing/mod2/projects/bulk_discounts/little-esty-shop/app/helpers/application_helper.rb": {
        "lines": [
          1,
          null
        ]
      },
      "/Users/chazsimons/turing/mod2/projects/bulk_discounts/little-esty-shop/app/helpers/welcome_helper.rb": {
        "lines": [
          1,
          null
        ]
      },
      "/Users/chazsimons/turing/mod2/projects/bulk_discounts/little-esty-shop/spec/features/admins/invoices/index_spec.rb": {
        "lines": [
          1,
          null,
          1,
          1,
          2,
          2,
          null,
          2,
          2,
          2,
          2,
          null,
          2,
          2,
          null,
          2,
          2,
          2,
          2,
          null,
          null,
          1,
          1,
          null,
          1,
          1,
          1,
          1,
          null,
          null,
          1,
          1,
          null,
          1,
          1,
          1,
          1,
          null,
          null
        ]
      },
      "/Users/chazsimons/turing/mod2/projects/bulk_discounts/little-esty-shop/spec/features/admins/invoices/show_spec.rb": {
        "lines": [
          1,
          null,
          1,
          1,
          6,
          6,
          null,
          6,
          6,
          6,
          6,
          null,
          6,
          6,
          null,
          6,
          6,
          6,
          6,
          null,
          6,
          6,
          6,
          6,
          null,
          null,
          1,
          1,
          null,
          1,
          1,
          1,
          1,
          1,
          null,
          null,
          1,
          1,
          null,
          1,
          1,
          1,
          1,
          1,
          null,
          null,
          1,
          1,
          null,
          1,
          null,
          null,
          1,
          1,
          null,
          1,
          1,
          null,
          null,
          1,
          1,
          1,
          null,
          1,
          1,
          null,
          1,
          null,
          null,
          1,
          1,
          null,
          1,
          1,
          null,
          null,
          null,
          null
        ]
      },
      "/Users/chazsimons/turing/mod2/projects/bulk_discounts/little-esty-shop/spec/features/admins/merchants/index_spec.rb": {
        "lines": [
          1,
          null,
          1,
          1,
          6,
          6,
          null,
          6,
          6,
          6,
          6,
          null,
          6,
          6,
          null,
          6,
          6,
          6,
          6,
          null,
          6,
          6,
          6,
          6,
          null,
          null,
          1,
          1,
          null,
          1,
          1,
          null,
          null,
          1,
          1,
          null,
          1,
          1,
          1,
          null,
          null,
          1,
          1,
          null,
          1,
          1,
          null,
          1,
          1,
          null,
          null,
          1,
          1,
          null,
          1,
          1,
          null,
          null,
          null,
          1,
          1,
          null,
          1,
          1,
          null,
          null,
          1,
          1,
          null,
          1,
          1,
          null,
          1,
          null,
          null,
          1,
          1,
          null,
          1,
          null,
          1,
          1,
          1,
          null,
          null
        ]
      },
      "/Users/chazsimons/turing/mod2/projects/bulk_discounts/little-esty-shop/spec/features/admins/merchants/new_spec.rb": {
        "lines": [
          1,
          null,
          1,
          1,
          1,
          null,
          1,
          1,
          null,
          1,
          1,
          null,
          null
        ]
      },
      "/Users/chazsimons/turing/mod2/projects/bulk_discounts/little-esty-shop/spec/features/admins/merchants/show_spec.rb": {
        "lines": [
          1,
          null,
          1,
          1,
          2,
          2,
          null,
          null,
          1,
          1,
          null,
          1,
          1,
          null,
          null,
          1,
          1,
          null,
          1,
          null,
          1,
          null,
          null
        ]
      },
      "/Users/chazsimons/turing/mod2/projects/bulk_discounts/little-esty-shop/spec/features/admins/merchants/update_spec.rb": {
        "lines": [
          1,
          null,
          1,
          1,
          1,
          1,
          null,
          null,
          1,
          1,
          null,
          1,
          1,
          null,
          1,
          1,
          null,
          null
        ]
      },
      "/Users/chazsimons/turing/mod2/projects/bulk_discounts/little-esty-shop/spec/features/merchants/dashboard/index_spec.rb": {
        "lines": [
          1,
          null,
          1,
          1,
          8,
          null,
          8,
          8,
          8,
          8,
          8,
          8,
          8,
          null,
          8,
          8,
          null,
          8,
          8,
          8,
          8,
          null,
          8,
          8,
          8,
          8,
          8,
          8,
          8,
          null,
          8,
          8,
          8,
          8,
          8,
          8,
          8,
          null,
          1,
          1,
          null,
          1,
          null,
          1,
          null,
          null,
          1,
          1,
          null,
          1,
          null,
          1,
          null,
          null,
          1,
          1,
          null,
          1,
          null,
          1,
          null,
          null,
          1,
          1,
          null,
          1,
          1,
          1,
          null,
          null,
          1,
          1,
          null,
          1,
          1,
          1,
          1,
          1,
          null,
          null,
          1,
          1,
          null,
          1,
          null,
          null,
          1,
          1,
          null,
          1,
          null,
          null,
          1,
          1,
          null,
          1,
          1,
          1,
          null,
          null
        ]
      },
      "/Users/chazsimons/turing/mod2/projects/bulk_discounts/little-esty-shop/spec/features/merchants/discounts/edit_spec.rb": {
        "lines": [
          1,
          null,
          1,
          1,
          2,
          2,
          null,
          2,
          2,
          2,
          2,
          2,
          2,
          2,
          null,
          2,
          2,
          null,
          2,
          2,
          2,
          2,
          null,
          2,
          2,
          2,
          2,
          2,
          2,
          2,
          null,
          2,
          2,
          2,
          2,
          null,
          null,
          1,
          1,
          null,
          1,
          1,
          null,
          null,
          1,
          1,
          null,
          1,
          1,
          1,
          null,
          1,
          1,
          null,
          null
        ]
      },
      "/Users/chazsimons/turing/mod2/projects/bulk_discounts/little-esty-shop/spec/features/merchants/discounts/index_spec.rb": {
        "lines": [
          1,
          null,
          1,
          1,
          5,
          5,
          null,
          5,
          5,
          5,
          5,
          5,
          5,
          5,
          null,
          5,
          5,
          null,
          5,
          5,
          5,
          5,
          null,
          5,
          5,
          5,
          5,
          5,
          5,
          5,
          null,
          5,
          5,
          5,
          5,
          null,
          null,
          1,
          1,
          null,
          1,
          1,
          1,
          1,
          1,
          null,
          null,
          null,
          1,
          1,
          null,
          1,
          1,
          1,
          null,
          null,
          null,
          1,
          1,
          null,
          1,
          1,
          null,
          null,
          1,
          1,
          null,
          1,
          null,
          1,
          1,
          null,
          null,
          1,
          1,
          null,
          null,
          null,
          1,
          1,
          null,
          1,
          1,
          1,
          1,
          null,
          null,
          null
        ]
      },
      "/Users/chazsimons/turing/mod2/projects/bulk_discounts/little-esty-shop/spec/features/merchants/discounts/new_spec.rb": {
        "lines": [
          1,
          null,
          1,
          1,
          1,
          1,
          1,
          1,
          1,
          1,
          null,
          null,
          1,
          1,
          null,
          1,
          1,
          1,
          1,
          1,
          null,
          1,
          1,
          null,
          null
        ]
      },
      "/Users/chazsimons/turing/mod2/projects/bulk_discounts/little-esty-shop/spec/features/merchants/discounts/show_spec.rb": {
        "lines": [
          1,
          null,
          1,
          1,
          2,
          2,
          null,
          2,
          2,
          2,
          2,
          2,
          2,
          2,
          null,
          2,
          2,
          null,
          2,
          2,
          2,
          2,
          null,
          2,
          2,
          2,
          2,
          2,
          2,
          2,
          null,
          2,
          2,
          2,
          2,
          null,
          null,
          1,
          1,
          1,
          1,
          1,
          null,
          null,
          1,
          1,
          null,
          1,
          null,
          null
        ]
      },
      "/Users/chazsimons/turing/mod2/projects/bulk_discounts/little-esty-shop/spec/features/merchants/invoices/index_spec.rb": {
        "lines": [
          1,
          null,
          1,
          1,
          2,
          2,
          null,
          2,
          2,
          2,
          2,
          null,
          2,
          2,
          null,
          2,
          2,
          2,
          2,
          null,
          2,
          2,
          2,
          2,
          null,
          null,
          1,
          1,
          null,
          1,
          1,
          1,
          1,
          1,
          1,
          null,
          null,
          1,
          1,
          null,
          1,
          1,
          1,
          1,
          1,
          1,
          null,
          null
        ]
      },
      "/Users/chazsimons/turing/mod2/projects/bulk_discounts/little-esty-shop/spec/features/merchants/invoices/show_spec.rb": {
        "lines": [
          1,
          null,
          1,
          1,
          12,
          12,
          null,
          12,
          12,
          12,
          12,
          null,
          12,
          12,
          null,
          12,
          12,
          12,
          12,
          null,
          12,
          12,
          12,
          12,
          null,
          12,
          12,
          12,
          12,
          null,
          null,
          1,
          1,
          null,
          1,
          null,
          null,
          1,
          1,
          null,
          1,
          1,
          null,
          null,
          1,
          1,
          null,
          1,
          null,
          null,
          1,
          1,
          null,
          1,
          1,
          1,
          1,
          null,
          null,
          1,
          1,
          null,
          1,
          1,
          null,
          null,
          1,
          1,
          null,
          1,
          null,
          null,
          1,
          1,
          null,
          1,
          null,
          null,
          1,
          1,
          null,
          1,
          1,
          null,
          null,
          1,
          1,
          null,
          1,
          null,
          null,
          1,
          1,
          null,
          1,
          1,
          null,
          null,
          1,
          1,
          null,
          1,
          1,
          null,
          1,
          null,
          null,
          1,
          1,
          null,
          1,
          1,
          null,
          null,
          null
        ]
      },
      "/Users/chazsimons/turing/mod2/projects/bulk_discounts/little-esty-shop/spec/features/merchants/items/index_spec.rb": {
        "lines": [
          1,
          null,
          1,
          1,
          8,
          8,
          null,
          8,
          8,
          8,
          8,
          8,
          8,
          8,
          8,
          null,
          8,
          8,
          null,
          8,
          8,
          8,
          8,
          null,
          8,
          8,
          8,
          8,
          8,
          8,
          8,
          8,
          null,
          8,
          8,
          8,
          8,
          8,
          8,
          8,
          null,
          null,
          1,
          1,
          null,
          1,
          1,
          null,
          1,
          1,
          null,
          null,
          1,
          1,
          null,
          1,
          1,
          null,
          1,
          1,
          null,
          1,
          null,
          null,
          null,
          1,
          1,
          null,
          1,
          null,
          null,
          1,
          1,
          null,
          1,
          null,
          1,
          1,
          1,
          1,
          null,
          1,
          1,
          null,
          null,
          1,
          1,
          null,
          1,
          1,
          null,
          1,
          1,
          null,
          null,
          1,
          1,
          null,
          1,
          1,
          null,
          null,
          1,
          null,
          null,
          1,
          1,
          null,
          1,
          1,
          null,
          null,
          null,
          1,
          1,
          null,
          1,
          1,
          null,
          null,
          null,
          1,
          1,
          null,
          1,
          1,
          1,
          1,
          1,
          null,
          null,
          1,
          1,
          1,
          1,
          1,
          null,
          null,
          1,
          1,
          1,
          1,
          1,
          null,
          null,
          1,
          1,
          1,
          1,
          1,
          null,
          null,
          1,
          1,
          1,
          1,
          1,
          null,
          null,
          null
        ]
      },
      "/Users/chazsimons/turing/mod2/projects/bulk_discounts/little-esty-shop/spec/features/merchants/items/new_spec.rb": {
        "lines": [
          1,
          null,
          1,
          1,
          2,
          null,
          null,
          1,
          1,
          null,
          1,
          null,
          null,
          1,
          1,
          null,
          1,
          null,
          1,
          null,
          1,
          1,
          1,
          1,
          null,
          1,
          1,
          null,
          null
        ]
      },
      "/Users/chazsimons/turing/mod2/projects/bulk_discounts/little-esty-shop/spec/features/merchants/items/show_spec.rb": {
        "lines": [
          1,
          null,
          1,
          1,
          3,
          null,
          3,
          3,
          3,
          3,
          3,
          3,
          3,
          null,
          null,
          3,
          3,
          null,
          null,
          3,
          3,
          3,
          3,
          null,
          3,
          3,
          3,
          3,
          3,
          3,
          3,
          null,
          3,
          3,
          3,
          3,
          3,
          3,
          3,
          null,
          null,
          1,
          1,
          null,
          1,
          1,
          1,
          null,
          1,
          1,
          1,
          null,
          null,
          1,
          1,
          null,
          1,
          null,
          1,
          null,
          1,
          null,
          null,
          1,
          1,
          null,
          1,
          1,
          1,
          1,
          1,
          null,
          1,
          1,
          null,
          null
        ]
      },
      "/Users/chazsimons/turing/mod2/projects/bulk_discounts/little-esty-shop/spec/features/merchants/items/update_spec.rb": {
        "lines": [
          1,
          null,
          1,
          1,
          1,
          null,
          1,
          1,
          1,
          1,
          1,
          1,
          1,
          null,
          1,
          1,
          null,
          1,
          1,
          1,
          1,
          null,
          1,
          1,
          1,
          1,
          1,
          1,
          1,
          null,
          1,
          1,
          1,
          1,
          1,
          1,
          1,
          null,
          null,
          1,
          1,
          null,
          1,
          1,
          1,
          1,
          1,
          null,
          1,
          1,
          null,
          null
        ]
      },
      "/Users/chazsimons/turing/mod2/projects/bulk_discounts/little-esty-shop/spec/helpers/welcome_helper_spec.rb": {
        "lines": [
          1,
          null,
          null,
          null,
          null,
          null,
          null,
          null,
          null,
          null,
          null,
          null,
          1,
          1,
          null
        ]
      },
      "/Users/chazsimons/turing/mod2/projects/bulk_discounts/little-esty-shop/spec/models/bulk_discount_spec.rb": {
        "lines": [
          1,
          null,
          1,
          null,
          1,
          2,
          null,
          null
        ]
      },
      "/Users/chazsimons/turing/mod2/projects/bulk_discounts/little-esty-shop/app/models/bulk_discount.rb": {
        "lines": [
          1,
          1,
          1,
          1,
          null
        ]
      },
      "/Users/chazsimons/turing/mod2/projects/bulk_discounts/little-esty-shop/app/models/application_record.rb": {
        "lines": [
          1,
          1,
          null,
          1,
          9,
          null,
          null
        ]
      },
      "/Users/chazsimons/turing/mod2/projects/bulk_discounts/little-esty-shop/spec/models/customer_spec.rb": {
        "lines": [
          1,
          null,
          1,
          1,
          4,
          null,
          4,
          4,
          4,
          4,
          4,
          4,
          4,
          null,
          4,
          4,
          null,
          4,
          4,
          4,
          4,
          null,
          4,
          4,
          4,
          4,
          4,
          4,
          4,
          null,
          4,
          4,
          4,
          4,
          4,
          4,
          4,
          null,
          null,
          1,
          2,
          2,
          null,
          null,
          1,
          1,
          1,
          null,
          null,
          1,
          1,
          1,
          null,
          null
        ]
      },
      "/Users/chazsimons/turing/mod2/projects/bulk_discounts/little-esty-shop/app/models/customer.rb": {
        "lines": [
          1,
          1,
          1,
          null,
          1,
          3,
          3,
          3,
          2,
          null,
          1,
          null,
          null,
          0,
          null,
          null,
          null,
          1,
          6,
          12,
          null,
          null
        ]
      },
      "/Users/chazsimons/turing/mod2/projects/bulk_discounts/little-esty-shop/spec/models/invoice_item_spec.rb": {
        "lines": [
          1,
          null,
          1,
          1,
          5,
          null,
          5,
          5,
          5,
          5,
          5,
          5,
          5,
          null,
          5,
          5,
          null,
          5,
          5,
          5,
          5,
          null,
          5,
          5,
          5,
          5,
          5,
          5,
          5,
          null,
          5,
          5,
          5,
          5,
          5,
          5,
          5,
          null,
          5,
          5,
          5,
          5,
          null,
          null,
          1,
          2,
          2,
          null,
          null,
          1,
          1,
          1,
          null,
          null,
          1,
          1,
          null,
          null,
          null,
          1,
          1,
          1,
          null,
          null
        ]
      },
      "/Users/chazsimons/turing/mod2/projects/bulk_discounts/little-esty-shop/app/models/invoice_item.rb": {
        "lines": [
          1,
          1,
          1,
          1,
          null,
          1,
          66,
          null,
          null,
          1,
          1,
          8,
          null,
          null,
          1,
          null,
          6,
          6,
          0,
          null,
          6,
          null,
          null,
          1,
          14,
          null,
          null,
          null,
          null,
          null,
          null,
          14,
          null,
          null,
          1,
          8,
          null,
          null,
          null,
          null,
          null,
          null,
          null,
          null,
          null
        ]
      },
      "/Users/chazsimons/turing/mod2/projects/bulk_discounts/little-esty-shop/spec/models/invoice_spec.rb": {
        "lines": [
          1,
          null,
          1,
          1,
          5,
          null,
          5,
          5,
          5,
          5,
          5,
          5,
          5,
          null,
          5,
          5,
          null,
          5,
          5,
          5,
          5,
          null,
          5,
          5,
          5,
          5,
          5,
          5,
          5,
          null,
          5,
          5,
          5,
          5,
          5,
          5,
          5,
          null,
          null,
          1,
          2,
          2,
          2,
          2,
          null,
          null,
          1,
          1,
          null,
          null
        ]
      },
      "/Users/chazsimons/turing/mod2/projects/bulk_discounts/little-esty-shop/app/models/invoice.rb": {
        "lines": [
          1,
          1,
          1,
          1,
          1,
          1,
          null,
          1,
          null,
          1,
          0,
          null,
          null,
          1,
          0,
          null,
          null,
          null,
          null,
          null,
          null,
          null,
          1,
          5,
          5,
          null,
          null,
          null,
          null,
          null,
          null,
          null,
          null,
          null,
          null,
          null,
          null,
          null,
          null,
          null
        ]
      },
      "/Users/chazsimons/turing/mod2/projects/bulk_discounts/little-esty-shop/spec/models/item_spec.rb": {
        "lines": [
          1,
          null,
          1,
          1,
          5,
          null,
          5,
          5,
          5,
          5,
          5,
          5,
          5,
          null,
          5,
          5,
          null,
          5,
          5,
          5,
          5,
          null,
          5,
          5,
          5,
          5,
          5,
          5,
          5,
          null,
          5,
          5,
          5,
          5,
          5,
          5,
          5,
          null,
          null,
          1,
          2,
          2,
          2,
          null,
          null,
          1,
          1,
          1,
          null,
          null,
          null,
          1,
          1,
          1,
          null,
          1,
          1,
          null,
          null,
          null
        ]
      },
      "/Users/chazsimons/turing/mod2/projects/bulk_discounts/little-esty-shop/app/models/item.rb": {
        "lines": [
          1,
          1,
          1,
          1,
          1,
          null,
          1,
          43,
          null,
          null,
          1,
          37,
          null,
          null,
          null,
          null,
          null,
          null,
          null,
          null,
          null,
          1,
          9,
          null,
          null,
          null,
          null,
          null
        ]
      },
      "/Users/chazsimons/turing/mod2/projects/bulk_discounts/little-esty-shop/spec/models/merchant_spec.rb": {
        "lines": [
          1,
          null,
          1,
          1,
          10,
          10,
          10,
          10,
          10,
          10,
          null,
          10,
          10,
          10,
          10,
          10,
          10,
          10,
          10,
          10,
          10,
          10,
          null,
          10,
          10,
          null,
          10,
          10,
          10,
          10,
          null,
          10,
          10,
          10,
          10,
          10,
          10,
          10,
          10,
          10,
          10,
          10,
          null,
          10,
          10,
          10,
          10,
          10,
          10,
          10,
          null,
          null,
          1,
          2,
          2,
          2,
          2,
          null,
          null,
          1,
          1,
          1,
          5,
          null,
          1,
          null,
          null,
          1,
          1,
          5,
          null,
          1,
          null,
          null,
          1,
          1,
          null,
          1,
          null,
          null,
          1,
          1,
          null,
          1,
          null,
          null,
          1,
          1,
          null,
          null,
          null,
          1,
          1,
          1,
          null,
          null,
          null
        ]
      },
      "/Users/chazsimons/turing/mod2/projects/bulk_discounts/little-esty-shop/app/models/merchant.rb": {
        "lines": [
          1,
          1,
          1,
          1,
          1,
          null,
          1,
          15,
          null,
          null,
          null,
          null,
          null,
          null,
          null,
          1,
          10,
          null,
          null,
          1,
          10,
          null,
          null,
          1,
          10,
          null,
          null,
          null,
          null,
          null,
          null,
          null,
          1,
          10,
          null,
          null,
          null,
          null,
          null,
          null,
          null,
          1,
          0,
          null,
          null,
          null,
          null,
          null,
          null,
          null,
          null,
          null
        ]
      },
      "/Users/chazsimons/turing/mod2/projects/bulk_discounts/little-esty-shop/spec/models/transaction_spec.rb": {
        "lines": [
          1,
          null,
          1,
          1,
          2,
          null,
          2,
          2,
          2,
          2,
          2,
          2,
          2,
          null,
          2,
          2,
          null,
          2,
          2,
          2,
          2,
          null,
          2,
          2,
          2,
          2,
          2,
          2,
          2,
          null,
          2,
          2,
          2,
          2,
          2,
          2,
          2,
          null,
          null,
          1,
          2,
          null,
          null,
          1,
          1,
          1,
          null,
          null,
          null
        ]
      },
      "/Users/chazsimons/turing/mod2/projects/bulk_discounts/little-esty-shop/app/models/transaction.rb": {
        "lines": [
          1,
          1,
          1,
          null,
          1,
          1,
          null,
          null
        ]
      },
      "/Users/chazsimons/turing/mod2/projects/bulk_discounts/little-esty-shop/spec/requests/welcome_request_spec.rb": {
        "lines": [
          1,
          null,
          1,
          null,
          null
        ]
      },
      "/Users/chazsimons/turing/mod2/projects/bulk_discounts/little-esty-shop/app/controllers/admins_controller.rb": {
        "lines": [
          1,
          1,
          4,
          4,
          4,
          null,
          null
        ]
      },
      "/Users/chazsimons/turing/mod2/projects/bulk_discounts/little-esty-shop/app/controllers/application_controller.rb": {
        "lines": [
          1,
          1,
          1,
          112,
          112,
          112,
          112,
          null,
          null
        ]
      },
      "/Users/chazsimons/turing/mod2/projects/bulk_discounts/little-esty-shop/app/facades/github_facade.rb": {
        "lines": [
          1,
          1,
          112,
          0,
          0,
          null,
          null,
          null,
          1,
          112,
          0,
          0,
          0,
          null,
          null,
          null,
          null,
          1,
          112,
          0,
          0,
          null,
          null,
          null
        ]
      },
      "/Users/chazsimons/turing/mod2/projects/bulk_discounts/little-esty-shop/app/poros/repo.rb": {
        "lines": [
          1,
          1,
          null,
          1,
          0,
          null,
          null
        ]
      },
      "/Users/chazsimons/turing/mod2/projects/bulk_discounts/little-esty-shop/app/poros/contributor.rb": {
        "lines": [
          1,
          1,
          null,
          1,
          0,
          0,
          null,
          null
        ]
      },
      "/Users/chazsimons/turing/mod2/projects/bulk_discounts/little-esty-shop/app/facades/holiday_facade.rb": {
        "lines": [
          1,
          1,
          112,
          112,
          1344,
          null,
          null,
          null
        ]
      },
      "/Users/chazsimons/turing/mod2/projects/bulk_discounts/little-esty-shop/app/poros/holiday.rb": {
        "lines": [
          1,
          1,
          null,
          1,
          1344,
          1344,
          null,
          null
        ]
      },
      "/Users/chazsimons/turing/mod2/projects/bulk_discounts/little-esty-shop/app/controllers/admin_invoices_controller.rb": {
        "lines": [
          1,
          null,
          1,
          2,
          null,
          null,
          1,
          8,
          8,
          8,
          8,
          null,
          null,
          1,
          1,
          1,
          1,
          null,
          null,
          1,
          1,
          1,
          null,
          null
        ]
      },
      "/Users/chazsimons/turing/mod2/projects/bulk_discounts/little-esty-shop/app/controllers/admin_merchants_controller.rb": {
        "lines": [
          1,
          null,
          1,
          9,
          null,
          null,
          1,
          3,
          null,
          null,
          1,
          1,
          1,
          null,
          null,
          1,
          2,
          null,
          null,
          1,
          3,
          3,
          2,
          2,
          1,
          1,
          1,
          1,
          null,
          0,
          0,
          null,
          null,
          null,
          null,
          1,
          1,
          4,
          null,
          null
        ]
      },
      "/Users/chazsimons/turing/mod2/projects/bulk_discounts/little-esty-shop/app/controllers/dashboard_controller.rb": {
        "lines": [
          1,
          1,
          8,
          null,
          null
        ]
      },
      "/Users/chazsimons/turing/mod2/projects/bulk_discounts/little-esty-shop/app/controllers/merchant_discounts_controller.rb": {
        "lines": [
          1,
          null,
          1,
          9,
          9,
          null,
          null,
          1,
          4,
          null,
          null,
          1,
          2,
          null,
          null,
          1,
          1,
          1,
          1,
          null,
          null,
          1,
          3,
          null,
          null,
          1,
          1,
          1,
          1,
          null,
          null,
          1,
          1,
          1,
          null,
          null,
          1,
          1,
          2,
          null,
          null
        ]
      },
      "/Users/chazsimons/turing/mod2/projects/bulk_discounts/little-esty-shop/app/controllers/merchant_invoices_controller.rb": {
        "lines": [
          1,
          null,
          1,
          2,
          2,
          null,
          null,
          1,
          13,
          13,
          13,
          13,
          null,
          null,
          1,
          1,
          1,
          1,
          1,
          1,
          null,
          null,
          1,
          1,
          0,
          null,
          null,
          1,
          1,
          null,
          null
        ]
      },
      "/Users/chazsimons/turing/mod2/projects/bulk_discounts/little-esty-shop/app/controllers/merchant_items_controller.rb": {
        "lines": [
          1,
          1,
          13,
          13,
          13,
          null,
          null,
          1,
          7,
          7,
          null,
          null,
          1,
          3,
          3,
          null,
          null,
          1,
          2,
          2,
          2,
          2,
          2,
          null,
          0,
          0,
          null,
          null,
          null,
          1,
          3,
          null,
          null,
          1,
          2,
          2,
          2,
          null,
          null,
          1,
          1,
          4,
          null,
          null
        ]
      },
      "/Users/chazsimons/turing/mod2/projects/bulk_discounts/little-esty-shop/app/controllers/item_status_controller.rb": {
        "lines": [
          null,
          1,
          1,
          2,
          2,
          2,
          2,
          null,
          null,
          1,
          1,
          2,
          null,
          null
        ]
      }
    },
    "timestamp": 1637028993
  }
}
